# JRE version: OpenJDK Runtime Environment (17.0.11) (build 17.0.11+0--11852314)
# Java VM: OpenJDK 64-Bit Server VM (17.0.11+0--11852314, mixed mode, tiered, compressed oops, compressed class ptrs, g1 gc, windows-amd64)
GC Precious Log:
 CPUs: 8 total, 8 available
 Memory: 7585M
 Large Page Support: Disabled
 NUMA Support: Disabled
 Compressed Oops: Enabled (32-bit)
 Heap Region Size: 1M
 Heap Min Capacity: 8M
 Heap Initial Capacity: 120M
 Heap Max Capacity: 2G
 Pre-touch: Disabled
 Parallel Workers: 8
 Concurrent Workers: 2
 Concurrent Refinement Workers: 8
 Periodic GC: Disabled
Heap:
 garbage-first heap   total 291840K, used 142044K [0x0000000080000000, 0x0000000100000000)
  region size 1024K, 9 young (9216K), 9 survivors (9216K)
 Metaspace       used 114517K, committed 115584K, reserved 1179648K
  class space    used 15760K, committed 16320K, reserved 1048576K
GC Heap History (20 events):
Event: 9.917 GC heap after
{Heap after GC invocations=36 (full 0):
 garbage-first heap   total 291840K, used 88326K [0x0000000080000000, 0x0000000100000000)
  region size 1024K, 2 young (2048K), 2 survivors (2048K)
 Metaspace       used 87355K, committed 88000K, reserved 1179648K
  class space    used 12113K, committed 12416K, reserved 1048576K
}
Event: 11.336 GC heap before
{Heap before GC invocations=36 (full 0):
 garbage-first heap   total 291840K, used 220422K [0x0000000080000000, 0x0000000100000000)
  region size 1024K, 131 young (134144K), 2 survivors (2048K)
 Metaspace       used 97545K, committed 98304K, reserved 1179648K
  class space    used 13594K, committed 13952K, reserved 1048576K
}
Event: 11.343 GC heap after
{Heap after GC invocations=37 (full 0):
 garbage-first heap   total 291840K, used 94088K [0x0000000080000000, 0x0000000100000000)
  region size 1024K, 7 young (7168K), 7 survivors (7168K)
 Metaspace       used 97545K, committed 98304K, reserved 1179648K
  class space    used 13594K, committed 13952K, reserved 1048576K
}
Event: 12.466 GC heap before
{Heap before GC invocations=38 (full 0):
 garbage-first heap   total 291840K, used 229256K [0x0000000080000000, 0x0000000100000000)
  region size 1024K, 140 young (143360K), 7 survivors (7168K)
 Metaspace       used 101330K, committed 102080K, reserved 1179648K
  class space    used 14186K, committed 14528K, reserved 1048576K
}
Event: 12.479 GC heap after
{Heap after GC invocations=39 (full 0):
 garbage-first heap   total 291840K, used 103440K [0x0000000080000000, 0x0000000100000000)
  region size 1024K, 16 young (16384K), 16 survivors (16384K)
 Metaspace       used 101330K, committed 102080K, reserved 1179648K
  class space    used 14186K, committed 14528K, reserved 1048576K
}
Event: 12.485 GC heap before
{Heap before GC invocations=39 (full 0):
 garbage-first heap   total 291840K, used 104464K [0x0000000080000000, 0x0000000100000000)
  region size 1024K, 17 young (17408K), 16 survivors (16384K)
 Metaspace       used 101330K, committed 102080K, reserved 1179648K
  class space    used 14186K, committed 14528K, reserved 1048576K
}
Event: 12.652 GC heap after
{Heap after GC invocations=40 (full 0):
 garbage-first heap   total 291840K, used 104165K [0x0000000080000000, 0x0000000100000000)
  region size 1024K, 2 young (2048K), 2 survivors (2048K)
 Metaspace       used 101330K, committed 102080K, reserved 1179648K
  class space    used 14186K, committed 14528K, reserved 1048576K
}
Event: 13.392 GC heap before
{Heap before GC invocations=40 (full 0):
 garbage-first heap   total 291840K, used 214757K [0x0000000080000000, 0x0000000100000000)
  region size 1024K, 112 young (114688K), 2 survivors (2048K)
 Metaspace       used 102449K, committed 103168K, reserved 1179648K
  class space    used 14331K, committed 14656K, reserved 1048576K
}
Event: 13.399 GC heap after
{Heap after GC invocations=41 (full 0):
 garbage-first heap   total 291840K, used 109252K [0x0000000080000000, 0x0000000100000000)
  region size 1024K, 7 young (7168K), 7 survivors (7168K)
 Metaspace       used 102449K, committed 103168K, reserved 1179648K
  class space    used 14331K, committed 14656K, reserved 1048576K
}
Event: 169.059 GC heap before
{Heap before GC invocations=42 (full 0):
 garbage-first heap   total 291840K, used 274116K [0x0000000080000000, 0x0000000100000000)
  region size 1024K, 100 young (102400K), 7 survivors (7168K)
 Metaspace       used 107264K, committed 108096K, reserved 1179648K
  class space    used 14894K, committed 15296K, reserved 1048576K
}
Event: 169.070 GC heap after
{Heap after GC invocations=43 (full 0):
 garbage-first heap   total 291840K, used 114526K [0x0000000080000000, 0x0000000100000000)
  region size 1024K, 13 young (13312K), 13 survivors (13312K)
 Metaspace       used 107264K, committed 108096K, reserved 1179648K
  class space    used 14894K, committed 15296K, reserved 1048576K
}
Event: 169.075 GC heap before
{Heap before GC invocations=43 (full 0):
 garbage-first heap   total 291840K, used 115550K [0x0000000080000000, 0x0000000100000000)
  region size 1024K, 14 young (14336K), 13 survivors (13312K)
 Metaspace       used 107268K, committed 108096K, reserved 1179648K
  class space    used 14894K, committed 15296K, reserved 1048576K
}
Event: 169.084 GC heap after
{Heap after GC invocations=44 (full 0):
 garbage-first heap   total 291840K, used 114636K [0x0000000080000000, 0x0000000100000000)
  region size 1024K, 2 young (2048K), 2 survivors (2048K)
 Metaspace       used 107268K, committed 108096K, reserved 1179648K
  class space    used 14894K, committed 15296K, reserved 1048576K
}
Event: 457.250 GC heap before
{Heap before GC invocations=44 (full 0):
 garbage-first heap   total 291840K, used 236492K [0x0000000080000000, 0x0000000100000000)
  region size 1024K, 121 young (123904K), 2 survivors (2048K)
 Metaspace       used 108379K, committed 109312K, reserved 1179648K
  class space    used 14951K, committed 15424K, reserved 1048576K
}
Event: 457.262 GC heap after
{Heap after GC invocations=45 (full 0):
 garbage-first heap   total 291840K, used 125738K [0x0000000080000000, 0x0000000100000000)
  region size 1024K, 13 young (13312K), 13 survivors (13312K)
 Metaspace       used 108379K, committed 109312K, reserved 1179648K
  class space    used 14951K, committed 15424K, reserved 1048576K
}
Event: 618.931 GC heap before
{Heap before GC invocations=46 (full 0):
 garbage-first heap   total 291840K, used 234282K [0x0000000080000000, 0x0000000100000000)
  region size 1024K, 119 young (121856K), 13 survivors (13312K)
 Metaspace       used 108954K, committed 109824K, reserved 1179648K
  class space    used 14981K, committed 15424K, reserved 1048576K
}
Event: 618.955 GC heap after
{Heap after GC invocations=47 (full 0):
 garbage-first heap   total 291840K, used 137032K [0x0000000080000000, 0x0000000100000000)
  region size 1024K, 12 young (12288K), 12 survivors (12288K)
 Metaspace       used 108954K, committed 109824K, reserved 1179648K
  class space    used 14981K, committed 15424K, reserved 1048576K
}
Event: 619.013 GC heap before
{Heap before GC invocations=47 (full 0):
 garbage-first heap   total 291840K, used 139080K [0x0000000080000000, 0x0000000100000000)
  region size 1024K, 14 young (14336K), 12 survivors (12288K)
 Metaspace       used 108984K, committed 109888K, reserved 1179648K
  class space    used 14982K, committed 15424K, reserved 1048576K
}
Event: 619.026 GC heap after
{Heap after GC invocations=48 (full 0):
 garbage-first heap   total 291840K, used 134975K [0x0000000080000000, 0x0000000100000000)
  region size 1024K, 2 young (2048K), 2 survivors (2048K)
 Metaspace       used 108984K, committed 109888K, reserved 1179648K
  class space    used 14982K, committed 15424K, reserved 1048576K
}
Event: 624.577 GC heap before
{Heap before GC invocations=48 (full 0):
 garbage-first heap   total 291840K, used 235327K [0x0000000080000000, 0x0000000100000000)
  region size 1024K, 101 young (103424K), 2 survivors (2048K)
 Metaspace       used 114517K, committed 115584K, reserved 1179648K
  class space    used 15760K, committed 16320K, reserved 1048576K
}

