# JRE version: OpenJDK Runtime Environment (17.0.11) (build 17.0.11+0--11852314)
# Java VM: OpenJDK 64-Bit Server VM (17.0.11+0--11852314, mixed mode, tiered, compressed oops, compressed class ptrs, g1 gc, windows-amd64)
GC Precious Log:
 CPUs: 8 total, 8 available
 Memory: 7585M
 Large Page Support: Disabled
 NUMA Support: Disabled
 Compressed Oops: Enabled (32-bit)
 Heap Region Size: 1M
 Heap Min Capacity: 8M
 Heap Initial Capacity: 120M
 Heap Max Capacity: 2G
 Pre-touch: Disabled
 Parallel Workers: 8
 Concurrent Workers: 2
 Concurrent Refinement Workers: 8
 Periodic GC: Disabled
Heap:
 garbage-first heap   total 417792K, used 142606K [0x0000000080000000, 0x0000000100000000)
  region size 1024K, 6 young (6144K), 6 survivors (6144K)
 Metaspace       used 141427K, committed 142976K, reserved 1179648K
  class space    used 19661K, committed 20416K, reserved 1048576K
GC Heap History (20 events):
Event: 1760.875 GC heap after
{Heap after GC invocations=43 (full 0):
 garbage-first heap   total 417792K, used 138327K [0x0000000080000000, 0x0000000100000000)
  region size 1024K, 3 young (3072K), 3 survivors (3072K)
 Metaspace       used 137186K, committed 138304K, reserved 1179648K
  class space    used 19368K, committed 19904K, reserved 1048576K
}
Event: 1787.055 GC heap before
{Heap before GC invocations=43 (full 0):
 garbage-first heap   total 417792K, used 325719K [0x0000000080000000, 0x0000000100000000)
  region size 1024K, 188 young (192512K), 3 survivors (3072K)
 Metaspace       used 138476K, committed 139712K, reserved 1179648K
  class space    used 19437K, committed 20032K, reserved 1048576K
}
Event: 1787.075 GC heap after
{Heap after GC invocations=44 (full 0):
 garbage-first heap   total 417792K, used 150744K [0x0000000080000000, 0x0000000100000000)
  region size 1024K, 15 young (15360K), 15 survivors (15360K)
 Metaspace       used 138476K, committed 139712K, reserved 1179648K
  class space    used 19437K, committed 20032K, reserved 1048576K
}
Event: 2080.622 GC heap before
{Heap before GC invocations=45 (full 0):
 garbage-first heap   total 417792K, used 368856K [0x0000000080000000, 0x0000000100000000)
  region size 1024K, 197 young (201728K), 15 survivors (15360K)
 Metaspace       used 139539K, committed 140992K, reserved 1179648K
  class space    used 19607K, committed 20288K, reserved 1048576K
}
Event: 2080.674 GC heap after
{Heap after GC invocations=46 (full 0):
 garbage-first heap   total 417792K, used 153392K [0x0000000080000000, 0x0000000100000000)
  region size 1024K, 8 young (8192K), 8 survivors (8192K)
 Metaspace       used 139539K, committed 140992K, reserved 1179648K
  class space    used 19607K, committed 20288K, reserved 1048576K
}
Event: 2080.823 GC heap before
{Heap before GC invocations=46 (full 0):
 garbage-first heap   total 417792K, used 165680K [0x0000000080000000, 0x0000000100000000)
  region size 1024K, 20 young (20480K), 8 survivors (8192K)
 Metaspace       used 139635K, committed 141184K, reserved 1179648K
  class space    used 19629K, committed 20352K, reserved 1048576K
}
Event: 2080.844 GC heap after
{Heap after GC invocations=47 (full 0):
 garbage-first heap   total 417792K, used 151502K [0x0000000080000000, 0x0000000100000000)
  region size 1024K, 3 young (3072K), 3 survivors (3072K)
 Metaspace       used 139635K, committed 141184K, reserved 1179648K
  class space    used 19629K, committed 20352K, reserved 1048576K
}
Event: 2972.340 GC heap before
{Heap before GC invocations=47 (full 0):
 garbage-first heap   total 417792K, used 338894K [0x0000000080000000, 0x0000000100000000)
  region size 1024K, 187 young (191488K), 3 survivors (3072K)
 Metaspace       used 140238K, committed 141824K, reserved 1179648K
  class space    used 19635K, committed 20352K, reserved 1048576K
}
Event: 2972.540 GC heap after
{Heap after GC invocations=48 (full 0):
 garbage-first heap   total 417792K, used 164434K [0x0000000080000000, 0x0000000100000000)
  region size 1024K, 16 young (16384K), 16 survivors (16384K)
 Metaspace       used 140238K, committed 141824K, reserved 1179648K
  class space    used 19635K, committed 20352K, reserved 1048576K
}
Event: 3035.859 GC heap before
{Heap before GC invocations=49 (full 0):
 garbage-first heap   total 417792K, used 369234K [0x0000000080000000, 0x0000000100000000)
  region size 1024K, 187 young (191488K), 16 survivors (16384K)
 Metaspace       used 140383K, committed 142016K, reserved 1179648K
  class space    used 19567K, committed 20352K, reserved 1048576K
}
Event: 3035.952 GC heap after
{Heap after GC invocations=50 (full 0):
 garbage-first heap   total 417792K, used 164040K [0x0000000080000000, 0x0000000100000000)
  region size 1024K, 8 young (8192K), 8 survivors (8192K)
 Metaspace       used 140383K, committed 142016K, reserved 1179648K
  class space    used 19567K, committed 20352K, reserved 1048576K
}
Event: 3036.065 GC heap before
{Heap before GC invocations=50 (full 0):
 garbage-first heap   total 417792K, used 176328K [0x0000000080000000, 0x0000000100000000)
  region size 1024K, 20 young (20480K), 8 survivors (8192K)
 Metaspace       used 140431K, committed 142016K, reserved 1179648K
  class space    used 19567K, committed 20352K, reserved 1048576K
}
Event: 3036.127 GC heap after
{Heap after GC invocations=51 (full 0):
 garbage-first heap   total 417792K, used 147308K [0x0000000080000000, 0x0000000100000000)
  region size 1024K, 3 young (3072K), 3 survivors (3072K)
 Metaspace       used 140431K, committed 142016K, reserved 1179648K
  class space    used 19567K, committed 20352K, reserved 1048576K
}
Event: 3039.371 GC heap before
{Heap before GC invocations=51 (full 0):
 garbage-first heap   total 417792K, used 198508K [0x0000000080000000, 0x0000000100000000)
  region size 1024K, 55 young (56320K), 3 survivors (3072K)
 Metaspace       used 140951K, committed 142464K, reserved 1179648K
  class space    used 19654K, committed 20352K, reserved 1048576K
}
Event: 3039.384 GC heap after
{Heap after GC invocations=52 (full 0):
 garbage-first heap   total 417792K, used 149943K [0x0000000080000000, 0x0000000100000000)
  region size 1024K, 6 young (6144K), 6 survivors (6144K)
 Metaspace       used 140951K, committed 142464K, reserved 1179648K
  class space    used 19654K, committed 20352K, reserved 1048576K
}
Event: 3152.335 GC heap before
{Heap before GC invocations=53 (full 0):
 garbage-first heap   total 417792K, used 354743K [0x0000000080000000, 0x0000000100000000)
  region size 1024K, 177 young (181248K), 6 survivors (6144K)
 Metaspace       used 141262K, committed 142784K, reserved 1179648K
  class space    used 19656K, committed 20352K, reserved 1048576K
}
Event: 3152.359 GC heap after
{Heap after GC invocations=54 (full 0):
 garbage-first heap   total 417792K, used 149475K [0x0000000080000000, 0x0000000100000000)
  region size 1024K, 12 young (12288K), 12 survivors (12288K)
 Metaspace       used 141262K, committed 142784K, reserved 1179648K
  class space    used 19656K, committed 20352K, reserved 1048576K
}
Event: 3152.448 GC heap before
{Heap before GC invocations=54 (full 0):
 garbage-first heap   total 417792K, used 156643K [0x0000000080000000, 0x0000000100000000)
  region size 1024K, 20 young (20480K), 12 survivors (12288K)
 Metaspace       used 141289K, committed 142848K, reserved 1179648K
  class space    used 19656K, committed 20352K, reserved 1048576K
}
Event: 3152.472 GC heap after
{Heap after GC invocations=55 (full 0):
 garbage-first heap   total 417792K, used 139756K [0x0000000080000000, 0x0000000100000000)
  region size 1024K, 3 young (3072K), 3 survivors (3072K)
 Metaspace       used 141289K, committed 142848K, reserved 1179648K
  class space    used 19656K, committed 20352K, reserved 1048576K
}
Event: 3156.160 GC heap before
{Heap before GC invocations=55 (full 0):
 garbage-first heap   total 417792K, used 191980K [0x0000000080000000, 0x0000000100000000)
  region size 1024K, 56 young (57344K), 3 survivors (3072K)
 Metaspace       used 141427K, committed 142976K, reserved 1179648K
  class space    used 19661K, committed 20416K, reserved 1048576K
}

